<?xml version="1.0" encoding="UTF-8"?>
<Site BuildName="(empty)"
	BuildStamp="20250814-1513-Experimental"
	Name="(empty)"
	Generator="ctest-3.28.3"
	CompilerName=""
	CompilerVersion=""
	OSName="Linux"
	Hostname="liubomyr"
	OSRelease="6.14.0-27-generic"
	OSVersion="#27~24.04.1-Ubuntu SMP PREEMPT_DYNAMIC Tue Jul 22 17:38:49 UTC 2"
	OSPlatform="x86_64"
	Is64Bits="1"
	VendorString="GenuineIntel"
	VendorID="Intel Corporation"
	FamilyID="6"
	ModelID="58"
	ProcessorCacheSize="6144"
	NumberOfLogicalCPU="4"
	NumberOfPhysicalCPU="4"
	TotalVirtualMemory="4095"
	TotalPhysicalMemory="7817"
	LogicalProcessorsPerPhysical="1"
	ProcessorClockFrequency="2791.83"
	>
	<Testing>
		<StartDateTime>Aug 14 21:56 EEST</StartDateTime>
		<StartTestTime>1755197762</StartTestTime>
		<TestList/>
		<EndDateTime>Aug 14 21:56 EEST</EndDateTime>
		<EndTestTime>1755197762</EndTestTime>
		<ElapsedMinutes>0</ElapsedMinutes>
	</Testing>
</Site>
